<?xml version="1.0" encoding="UTF-8"?>
<testsuites name="DEMO" time="13.11" tests="1" failures="0" errors="0">
   <testsuite name="DEMO" tests="1" failures="0" errors="0" time="13.11" skipped="0" timestamp="17-03-2025T10:37:40" hostname="skquo - SQA2024060497" id="Test Suites/Release1/DEMO">
      <properties>
         <property name="deviceName" value=""/>
         <property name="devicePlatform"/>
         <property name="logFolder" value="C:\\Users\\skquo\\git\\NewCertificatedata\\Reports\\20250317_103708\\Release1\\DEMO\\20250317_103709"/>
         <property name="logFiles" value="C:\\Users\\skquo\\git\\NewCertificatedata\\Reports\\20250317_103708\\Release1\\DEMO\\20250317_103709\\execution0.log"/>
         <property name="attachments" value=""/>
         <property name="hostName" value="skquo - SQA2024060497"/>
         <property name="os" value="Windows 11 64bit"/>
         <property name="katalonVersion" value="10.0.1.223"/>
         <property name="browser" value="Chrome 134.0.0.0"/>
         <property name="hostAddress" value="192.168.4.92"/>
         <property name="sessionId" value="f02d50304290553cbf947e5b625b2c04"/>
         <property name="seleniumVersion" value="4.22.0"/>
         <property name="proxyInformation" value="ProxyInformation { proxyOption=NO_PROXY, proxyServerType=HTTP, username=, password=********, proxyServerAddress=, proxyServerPort=0, executionList=&quot;&quot;, isApplyToDesiredCapabilities=true }"/>
         <property name="platform" value="Windows 11"/>
      </properties>
      <testcase name="Test Cases/RElease1/DEMO" time="12.761" classname="Test Cases/RElease1/DEMO" status="PASSED">
         <system-out><![CDATA[17-03-2025T10:37:40 - [TEST_CASE][PASSED] - Test Cases/RElease1/DEMO: Test Cases/RElease1/DEMO

17-03-2025T10:37:41 - [TEST_STEP][PASSED] - openBrowser(""): Browser is opened with url: ''

17-03-2025T10:37:41 - [MESSAGE][INFO] - Starting 'Chrome' driver

17-03-2025T10:37:41 - [MESSAGE][INFO] - Action delay is set to 0 milliseconds

17-03-2025T10:37:47 - [MESSAGE][PASSED] - Browser is opened with url: ''

17-03-2025T10:37:47 - [TEST_STEP][PASSED] - navigateToUrl("https://www.saucedemo.com/"): Navigate to 'https://www.saucedemo.com/' successfully

17-03-2025T10:37:48 - [MESSAGE][PASSED] - Navigate to 'https://www.saucedemo.com/' successfully

17-03-2025T10:37:48 - [TEST_STEP][PASSED] - setText(findTestObject("Object Repository/Demo1/Page_Swag Labs/input_Swag Labs_user-name"), "standard_user"): Text 'standard_user' is set on object 'Object Repository/Demo1/Page_Swag Labs/input_Swag Labs_user-name'

17-03-2025T10:37:50 - [MESSAGE][PASSED] - Text 'standard_user' is set on object 'Object Repository/Demo1/Page_Swag Labs/input_Swag Labs_user-name'

17-03-2025T10:37:50 - [TEST_STEP][PASSED] - setEncryptedText(findTestObject("Object Repository/Demo1/Page_Swag Labs/input_Swag Labs_password"), "qcu24s4901FyWDTwXGr6XA=="): Text ****** has been set on object 'Object Repository/Demo1/Page_Swag Labs/input_Swag Labs_password'

17-03-2025T10:37:50 - [MESSAGE][PASSED] - Text ****** has been set on object 'Object Repository/Demo1/Page_Swag Labs/input_Swag Labs_password'

17-03-2025T10:37:50 - [TEST_STEP][PASSED] - click(findTestObject("Object Repository/Demo1/Page_Swag Labs/input_Swag Labs_login-button")): Object: 'Object Repository/Demo1/Page_Swag Labs/input_Swag Labs_login-button' is clicked on

17-03-2025T10:37:51 - [MESSAGE][PASSED] - Object: 'Object Repository/Demo1/Page_Swag Labs/input_Swag Labs_login-button' is clicked on

17-03-2025T10:37:51 - [TEST_STEP][PASSED] - click(findTestObject("Object Repository/Demo1/Page_Swag Labs/button_Open Menu")): Object: 'Object Repository/Demo1/Page_Swag Labs/button_Open Menu' is clicked on

17-03-2025T10:37:51 - [MESSAGE][PASSED] - Object: 'Object Repository/Demo1/Page_Swag Labs/button_Open Menu' is clicked on

17-03-2025T10:37:51 - [TEST_STEP][PASSED] - click(findTestObject("Object Repository/Demo1/Page_Swag Labs/a_Logout")): Object: 'Object Repository/Demo1/Page_Swag Labs/a_Logout' is clicked on

17-03-2025T10:37:52 - [MESSAGE][PASSED] - Object: 'Object Repository/Demo1/Page_Swag Labs/a_Logout' is clicked on

17-03-2025T10:37:52 - [TEST_STEP][PASSED] - closeBrowser(): Browser is closed

17-03-2025T10:37:53 - [MESSAGE][PASSED] - Browser is closed]]></system-out>
         <system-err><![CDATA[]]></system-err>
      </testcase>
      <system-out><![CDATA[17-03-2025T10:37:40 - [TEST_SUITE][PASSED] - DEMO: Test Cases/RElease1/DEMO]]></system-out>
      <system-err><![CDATA[]]></system-err>
   </testsuite>
</testsuites>
