<?xml version="1.0" encoding="UTF-8"?>
<testsuites name="TC_Login" time="16.513" tests="2" failures="0" errors="0">
   <testsuite name="TC_Login" tests="2" failures="0" errors="0" time="16.513" skipped="0" timestamp="16-03-2025T13:31:51" hostname="skquo - SQA2024060497" id="Test Suites/Sprint1/TC_Login">
      <properties>
         <property name="deviceName" value=""/>
         <property name="devicePlatform"/>
         <property name="logFolder" value="C:\\Users\\skquo\\git\\NewCertificatedata\\Reports\\20250316_133144\\Sprint1\\TC_Login\\20250316_133144"/>
         <property name="logFiles" value="C:\\Users\\skquo\\git\\NewCertificatedata\\Reports\\20250316_133144\\Sprint1\\TC_Login\\20250316_133144\\execution0.log"/>
         <property name="attachments" value=""/>
         <property name="hostName" value="skquo - SQA2024060497"/>
         <property name="os" value="Windows 11 64bit"/>
         <property name="katalonVersion" value="10.0.1.223"/>
         <property name="browser" value="Chrome 134.0.0.0"/>
         <property name="hostAddress" value="192.168.101.165"/>
         <property name="sessionId" value="3a01c2d3677d75319913c1a6812e16bc"/>
         <property name="seleniumVersion" value="4.22.0"/>
         <property name="proxyInformation" value="ProxyInformation { proxyOption=NO_PROXY, proxyServerType=HTTP, username=, password=********, proxyServerAddress=, proxyServerPort=0, executionList=&quot;&quot;, isApplyToDesiredCapabilities=true }"/>
         <property name="platform" value="Windows 11"/>
      </properties>
      <testcase name="Test Cases/Sprint1/TC_Login" time="9.151" classname="Test Cases/Sprint1/TC_Login" status="PASSED">
         <system-out><![CDATA[16-03-2025T13:31:52 - [TEST_CASE][PASSED] - Test Cases/Sprint1/TC_Login: Test Cases/Sprint1/TC_Login

16-03-2025T13:31:52 - [TEST_STEP][PASSED] - openBrowser(""): Browser is opened with url: ''

16-03-2025T13:31:52 - [MESSAGE][INFO] - Starting 'Chrome' driver

16-03-2025T13:31:52 - [MESSAGE][INFO] - Action delay is set to 0 milliseconds

16-03-2025T13:31:55 - [MESSAGE][PASSED] - Browser is opened with url: ''

16-03-2025T13:31:55 - [TEST_STEP][PASSED] - maximizeWindow(): Current window maximized

16-03-2025T13:31:55 - [MESSAGE][PASSED] - Current window maximized

16-03-2025T13:31:55 - [TEST_STEP][PASSED] - navigateToUrl("https://www.saucedemo.com/"): Navigate to 'https://www.saucedemo.com/' successfully

16-03-2025T13:31:56 - [MESSAGE][PASSED] - Navigate to 'https://www.saucedemo.com/' successfully

16-03-2025T13:31:56 - [TEST_STEP][PASSED] - setText(findTestObject("Object Repository/Sprint1/TC_Laogin/Page_Swag Labs/input_Swag Labs_user-name"), username): Text 'standard_user' is set on object 'Object Repository/Sprint1/TC_Laogin/Page_Swag Labs/input_Swag Labs_user-name'

16-03-2025T13:31:58 - [MESSAGE][PASSED] - Text 'standard_user' is set on object 'Object Repository/Sprint1/TC_Laogin/Page_Swag Labs/input_Swag Labs_user-name'

16-03-2025T13:31:58 - [TEST_STEP][PASSED] - click(findTestObject("Object Repository/Sprint1/TC_Laogin/Page_Swag Labs/input_Swag Labs_user-name")): Object: 'Object Repository/Sprint1/TC_Laogin/Page_Swag Labs/input_Swag Labs_user-name' is clicked on

16-03-2025T13:31:58 - [MESSAGE][PASSED] - Object: 'Object Repository/Sprint1/TC_Laogin/Page_Swag Labs/input_Swag Labs_user-name' is clicked on

16-03-2025T13:31:58 - [TEST_STEP][PASSED] - setEncryptedText(findTestObject("Object Repository/Sprint1/TC_Laogin/Page_Swag Labs/input_Swag Labs_password"), Password): Text ****** has been set on object 'Object Repository/Sprint1/TC_Laogin/Page_Swag Labs/input_Swag Labs_password'

16-03-2025T13:31:59 - [MESSAGE][PASSED] - Text ****** has been set on object 'Object Repository/Sprint1/TC_Laogin/Page_Swag Labs/input_Swag Labs_password'

16-03-2025T13:31:59 - [TEST_STEP][PASSED] - click(findTestObject("Object Repository/Sprint1/TC_Laogin/Page_Swag Labs/input_Swag Labs_login-button")): Object: 'Object Repository/Sprint1/TC_Laogin/Page_Swag Labs/input_Swag Labs_login-button' is clicked on

16-03-2025T13:31:59 - [MESSAGE][PASSED] - Object: 'Object Repository/Sprint1/TC_Laogin/Page_Swag Labs/input_Swag Labs_login-button' is clicked on

16-03-2025T13:31:59 - [TEST_STEP][PASSED] - click(findTestObject("Object Repository/Sprint1/TC_Laogin/Page_Swag Labs/button_Open Menu")): Object: 'Object Repository/Sprint1/TC_Laogin/Page_Swag Labs/button_Open Menu' is clicked on

16-03-2025T13:32:00 - [MESSAGE][PASSED] - Object: 'Object Repository/Sprint1/TC_Laogin/Page_Swag Labs/button_Open Menu' is clicked on

16-03-2025T13:32:00 - [TEST_STEP][PASSED] - click(findTestObject("Object Repository/Sprint1/TC_Laogin/Page_Swag Labs/a_Logout")): Object: 'Object Repository/Sprint1/TC_Laogin/Page_Swag Labs/a_Logout' is clicked on

16-03-2025T13:32:00 - [MESSAGE][PASSED] - Object: 'Object Repository/Sprint1/TC_Laogin/Page_Swag Labs/a_Logout' is clicked on

16-03-2025T13:32:00 - [TEST_STEP][PASSED] - closeBrowser(): Browser is closed

16-03-2025T13:32:01 - [MESSAGE][PASSED] - Browser is closed]]></system-out>
         <system-err><![CDATA[]]></system-err>
      </testcase>
      <testcase name="Test Cases/Sprint1/TC_Login" time="6.925" classname="Test Cases/Sprint1/TC_Login" status="PASSED">
         <system-out><![CDATA[16-03-2025T13:32:01 - [TEST_CASE][PASSED] - Test Cases/Sprint1/TC_Login: Test Cases/Sprint1/TC_Login

16-03-2025T13:32:01 - [TEST_STEP][PASSED] - openBrowser(""): Browser is opened with url: ''

16-03-2025T13:32:01 - [MESSAGE][INFO] - Starting 'Chrome' driver

16-03-2025T13:32:01 - [MESSAGE][INFO] - Action delay is set to 0 milliseconds

16-03-2025T13:32:02 - [MESSAGE][PASSED] - Browser is opened with url: ''

16-03-2025T13:32:02 - [TEST_STEP][PASSED] - maximizeWindow(): Current window maximized

16-03-2025T13:32:02 - [MESSAGE][PASSED] - Current window maximized

16-03-2025T13:32:02 - [TEST_STEP][PASSED] - navigateToUrl("https://www.saucedemo.com/"): Navigate to 'https://www.saucedemo.com/' successfully

16-03-2025T13:32:03 - [MESSAGE][PASSED] - Navigate to 'https://www.saucedemo.com/' successfully

16-03-2025T13:32:03 - [TEST_STEP][PASSED] - setText(findTestObject("Object Repository/Sprint1/TC_Laogin/Page_Swag Labs/input_Swag Labs_user-name"), username): Text 'problem_user' is set on object 'Object Repository/Sprint1/TC_Laogin/Page_Swag Labs/input_Swag Labs_user-name'

16-03-2025T13:32:05 - [MESSAGE][PASSED] - Text 'problem_user' is set on object 'Object Repository/Sprint1/TC_Laogin/Page_Swag Labs/input_Swag Labs_user-name'

16-03-2025T13:32:05 - [TEST_STEP][PASSED] - click(findTestObject("Object Repository/Sprint1/TC_Laogin/Page_Swag Labs/input_Swag Labs_user-name")): Object: 'Object Repository/Sprint1/TC_Laogin/Page_Swag Labs/input_Swag Labs_user-name' is clicked on

16-03-2025T13:32:05 - [MESSAGE][PASSED] - Object: 'Object Repository/Sprint1/TC_Laogin/Page_Swag Labs/input_Swag Labs_user-name' is clicked on

16-03-2025T13:32:05 - [TEST_STEP][PASSED] - setEncryptedText(findTestObject("Object Repository/Sprint1/TC_Laogin/Page_Swag Labs/input_Swag Labs_password"), Password): Text ****** has been set on object 'Object Repository/Sprint1/TC_Laogin/Page_Swag Labs/input_Swag Labs_password'

16-03-2025T13:32:06 - [MESSAGE][PASSED] - Text ****** has been set on object 'Object Repository/Sprint1/TC_Laogin/Page_Swag Labs/input_Swag Labs_password'

16-03-2025T13:32:06 - [TEST_STEP][PASSED] - click(findTestObject("Object Repository/Sprint1/TC_Laogin/Page_Swag Labs/input_Swag Labs_login-button")): Object: 'Object Repository/Sprint1/TC_Laogin/Page_Swag Labs/input_Swag Labs_login-button' is clicked on

16-03-2025T13:32:06 - [MESSAGE][PASSED] - Object: 'Object Repository/Sprint1/TC_Laogin/Page_Swag Labs/input_Swag Labs_login-button' is clicked on

16-03-2025T13:32:06 - [TEST_STEP][PASSED] - click(findTestObject("Object Repository/Sprint1/TC_Laogin/Page_Swag Labs/button_Open Menu")): Object: 'Object Repository/Sprint1/TC_Laogin/Page_Swag Labs/button_Open Menu' is clicked on

16-03-2025T13:32:07 - [MESSAGE][PASSED] - Object: 'Object Repository/Sprint1/TC_Laogin/Page_Swag Labs/button_Open Menu' is clicked on

16-03-2025T13:32:07 - [TEST_STEP][PASSED] - click(findTestObject("Object Repository/Sprint1/TC_Laogin/Page_Swag Labs/a_Logout")): Object: 'Object Repository/Sprint1/TC_Laogin/Page_Swag Labs/a_Logout' is clicked on

16-03-2025T13:32:07 - [MESSAGE][PASSED] - Object: 'Object Repository/Sprint1/TC_Laogin/Page_Swag Labs/a_Logout' is clicked on

16-03-2025T13:32:07 - [TEST_STEP][PASSED] - closeBrowser(): Browser is closed

16-03-2025T13:32:08 - [MESSAGE][PASSED] - Browser is closed]]></system-out>
         <system-err><![CDATA[]]></system-err>
      </testcase>
      <system-out><![CDATA[16-03-2025T13:31:51 - [TEST_SUITE][PASSED] - TC_Login: Test Cases/Sprint1/TC_Login]]></system-out>
      <system-err><![CDATA[]]></system-err>
   </testsuite>
</testsuites>
