<?xml version="1.0" encoding="UTF-8"?>
<testsuites name="Test1" time="20.255" tests="1" failures="0" errors="0">
   <testsuite name="Test1" tests="1" failures="0" errors="0" time="20.255" skipped="0" timestamp="03-03-2025T17:11:01" hostname="skquo - SQA2024060497" id="Test Suites/Test1">
      <properties>
         <property name="deviceName" value=""/>
         <property name="devicePlatform"/>
         <property name="logFolder" value="C:\\Users\\skquo\\git\\NewCertificate\\Reports\\20250303_171052\\Test1\\20250303_171052"/>
         <property name="logFiles" value="C:\\Users\\skquo\\git\\NewCertificate\\Reports\\20250303_171052\\Test1\\20250303_171052\\execution0.log"/>
         <property name="attachments" value=""/>
         <property name="hostName" value="skquo - SQA2024060497"/>
         <property name="os" value="Windows 11 64bit"/>
         <property name="katalonVersion" value="10.0.1.223"/>
         <property name="browser" value="Chrome 133.0.0.0"/>
         <property name="hostAddress" value="192.168.4.96"/>
         <property name="sessionId" value="b03a7da0f57d1ad5f4c23984f3a7377d"/>
         <property name="seleniumVersion" value="4.22.0"/>
         <property name="proxyInformation" value="ProxyInformation { proxyOption=NO_PROXY, proxyServerType=HTTP, username=, password=********, proxyServerAddress=, proxyServerPort=0, executionList=&quot;&quot;, isApplyToDesiredCapabilities=true }"/>
         <property name="platform" value="Windows 11"/>
      </properties>
      <testcase name="Test Cases/Test1" time="19.819" classname="Test Cases/Test1" status="PASSED">
         <system-out><![CDATA[03-03-2025T17:11:02 - [TEST_CASE][PASSED] - Test Cases/Test1: Test Cases/Test1

03-03-2025T17:11:02 - [TEST_STEP][PASSED] - openBrowser(""): Browser is opened with url: ''

03-03-2025T17:11:03 - [MESSAGE][INFO] - Starting 'Chrome' driver

03-03-2025T17:11:03 - [MESSAGE][INFO] - Action delay is set to 0 milliseconds

03-03-2025T17:11:06 - [MESSAGE][PASSED] - Browser is opened with url: ''

03-03-2025T17:11:06 - [TEST_STEP][PASSED] - closeBrowser(): Browser is closed

03-03-2025T17:11:07 - [MESSAGE][PASSED] - Browser is closed

03-03-2025T17:11:07 - [TEST_STEP][PASSED] - openBrowser(""): Browser is opened with url: ''

03-03-2025T17:11:07 - [MESSAGE][INFO] - Starting 'Chrome' driver

03-03-2025T17:11:07 - [MESSAGE][INFO] - Action delay is set to 0 milliseconds

03-03-2025T17:11:09 - [MESSAGE][PASSED] - Browser is opened with url: ''

03-03-2025T17:11:09 - [TEST_STEP][PASSED] - navigateToUrl("https://www.saucedemo.com/"): Navigate to 'https://www.saucedemo.com/' successfully

03-03-2025T17:11:09 - [MESSAGE][PASSED] - Navigate to 'https://www.saucedemo.com/' successfully

03-03-2025T17:11:09 - [TEST_STEP][PASSED] - setText(findTestObject("Object Repository/Test1/Page_Swag Labs/input_Swag Labs_user-name"), "standard_user"): Text 'standard_user' is set on object 'Object Repository/Test1/Page_Swag Labs/input_Swag Labs_user-name'

03-03-2025T17:11:12 - [MESSAGE][PASSED] - Text 'standard_user' is set on object 'Object Repository/Test1/Page_Swag Labs/input_Swag Labs_user-name'

03-03-2025T17:11:12 - [TEST_STEP][PASSED] - setEncryptedText(findTestObject("Object Repository/Test1/Page_Swag Labs/input_Swag Labs_password"), "qcu24s4901FyWDTwXGr6XA=="): Text ****** has been set on object 'Object Repository/Test1/Page_Swag Labs/input_Swag Labs_password'

03-03-2025T17:11:12 - [MESSAGE][PASSED] - Text ****** has been set on object 'Object Repository/Test1/Page_Swag Labs/input_Swag Labs_password'

03-03-2025T17:11:12 - [TEST_STEP][PASSED] - click(findTestObject("Object Repository/Test1/Page_Swag Labs/input_Swag Labs_login-button")): Object: 'Object Repository/Test1/Page_Swag Labs/input_Swag Labs_login-button' is clicked on

03-03-2025T17:11:13 - [MESSAGE][PASSED] - Object: 'Object Repository/Test1/Page_Swag Labs/input_Swag Labs_login-button' is clicked on

03-03-2025T17:11:13 - [TEST_STEP][PASSED] - click(findTestObject("Object Repository/Test1/Page_Swag Labs/img_Name (A to Z)_inventory_item_img")): Object: 'Object Repository/Test1/Page_Swag Labs/img_Name (A to Z)_inventory_item_img' is clicked on

03-03-2025T17:11:13 - [MESSAGE][PASSED] - Object: 'Object Repository/Test1/Page_Swag Labs/img_Name (A to Z)_inventory_item_img' is clicked on

03-03-2025T17:11:13 - [TEST_STEP][PASSED] - click(findTestObject("Object Repository/Test1/Page_Swag Labs/button_Add to cart")): Object: 'Object Repository/Test1/Page_Swag Labs/button_Add to cart' is clicked on

03-03-2025T17:11:14 - [MESSAGE][PASSED] - Object: 'Object Repository/Test1/Page_Swag Labs/button_Add to cart' is clicked on

03-03-2025T17:11:14 - [TEST_STEP][PASSED] - click(findTestObject("Object Repository/Test1/Page_Swag Labs/a_1")): Object: 'Object Repository/Test1/Page_Swag Labs/a_1' is clicked on

03-03-2025T17:11:14 - [MESSAGE][PASSED] - Object: 'Object Repository/Test1/Page_Swag Labs/a_1' is clicked on

03-03-2025T17:11:14 - [TEST_STEP][PASSED] - click(findTestObject("Object Repository/Test1/Page_Swag Labs/button_Checkout")): Object: 'Object Repository/Test1/Page_Swag Labs/button_Checkout' is clicked on

03-03-2025T17:11:15 - [MESSAGE][PASSED] - Object: 'Object Repository/Test1/Page_Swag Labs/button_Checkout' is clicked on

03-03-2025T17:11:15 - [TEST_STEP][PASSED] - setText(findTestObject("Object Repository/Test1/Page_Swag Labs/input_Checkout Your Information_firstName"), "samanth"): Text 'samanth' is set on object 'Object Repository/Test1/Page_Swag Labs/input_Checkout Your Information_firstName'

03-03-2025T17:11:16 - [MESSAGE][PASSED] - Text 'samanth' is set on object 'Object Repository/Test1/Page_Swag Labs/input_Checkout Your Information_firstName'

03-03-2025T17:11:16 - [TEST_STEP][PASSED] - setText(findTestObject("Object Repository/Test1/Page_Swag Labs/input_Checkout Your Information_lastName"), "Kolli"): Text 'Kolli' is set on object 'Object Repository/Test1/Page_Swag Labs/input_Checkout Your Information_lastName'

03-03-2025T17:11:17 - [MESSAGE][PASSED] - Text 'Kolli' is set on object 'Object Repository/Test1/Page_Swag Labs/input_Checkout Your Information_lastName'

03-03-2025T17:11:17 - [TEST_STEP][PASSED] - setText(findTestObject("Object Repository/Test1/Page_Swag Labs/input_Checkout Your Information_postalCode"), "58000"): Text '58000' is set on object 'Object Repository/Test1/Page_Swag Labs/input_Checkout Your Information_postalCode'

03-03-2025T17:11:18 - [MESSAGE][PASSED] - Text '58000' is set on object 'Object Repository/Test1/Page_Swag Labs/input_Checkout Your Information_postalCode'

03-03-2025T17:11:18 - [TEST_STEP][PASSED] - click(findTestObject("Object Repository/Test1/Page_Swag Labs/input_Cancel_continue")): Object: 'Object Repository/Test1/Page_Swag Labs/input_Cancel_continue' is clicked on

03-03-2025T17:11:18 - [MESSAGE][PASSED] - Object: 'Object Repository/Test1/Page_Swag Labs/input_Cancel_continue' is clicked on

03-03-2025T17:11:18 - [TEST_STEP][PASSED] - click(findTestObject("Object Repository/Test1/Page_Swag Labs/button_Finish")): Object: 'Object Repository/Test1/Page_Swag Labs/button_Finish' is clicked on

03-03-2025T17:11:19 - [MESSAGE][PASSED] - Object: 'Object Repository/Test1/Page_Swag Labs/button_Finish' is clicked on

03-03-2025T17:11:19 - [TEST_STEP][PASSED] - click(findTestObject("Object Repository/Test1/Page_Swag Labs/button_Back Home")): Object: 'Object Repository/Test1/Page_Swag Labs/button_Back Home' is clicked on

03-03-2025T17:11:20 - [MESSAGE][PASSED] - Object: 'Object Repository/Test1/Page_Swag Labs/button_Back Home' is clicked on

03-03-2025T17:11:20 - [TEST_STEP][PASSED] - click(findTestObject("Object Repository/Test1/Page_Swag Labs/button_Open Menu")): Object: 'Object Repository/Test1/Page_Swag Labs/button_Open Menu' is clicked on

03-03-2025T17:11:20 - [MESSAGE][PASSED] - Object: 'Object Repository/Test1/Page_Swag Labs/button_Open Menu' is clicked on

03-03-2025T17:11:20 - [TEST_STEP][PASSED] - click(findTestObject("Object Repository/Test1/Page_Swag Labs/a_Logout")): Object: 'Object Repository/Test1/Page_Swag Labs/a_Logout' is clicked on

03-03-2025T17:11:21 - [MESSAGE][PASSED] - Object: 'Object Repository/Test1/Page_Swag Labs/a_Logout' is clicked on

03-03-2025T17:11:21 - [TEST_STEP][PASSED] - closeBrowser(): Browser is closed

03-03-2025T17:11:21 - [MESSAGE][PASSED] - Browser is closed]]></system-out>
         <system-err><![CDATA[]]></system-err>
      </testcase>
      <system-out><![CDATA[03-03-2025T17:11:01 - [TEST_SUITE][PASSED] - Test1: Test Cases/Test1]]></system-out>
      <system-err><![CDATA[]]></system-err>
   </testsuite>
</testsuites>
