<?xml version="1.0" encoding="UTF-8"?>
<testsuites name="RegressionTest" time="29.774" tests="1" failures="0" errors="0">
   <testsuite name="US_986043" tests="1" failures="0" errors="0" time="10.456" skipped="0" timestamp="17-03-2025T21:58:04" hostname="skquo - SQA2024060497" id="Test Suites/Sprint/Sprint1/US_986043">
      <properties>
         <property name="deviceName" value=""/>
         <property name="devicePlatform"/>
         <property name="logFolder" value="C:\\Users\\skquo\\git\\NewCertificatedata\\Reports\\20250317_215752\\Sprint\\Sprint1\\US_986043\\20250317_215753"/>
         <property name="logFiles" value="C:\\Users\\skquo\\git\\NewCertificatedata\\Reports\\20250317_215752\\Sprint\\Sprint1\\US_986043\\20250317_215753\\execution0.log"/>
         <property name="attachments" value=""/>
         <property name="hostName" value="skquo - SQA2024060497"/>
         <property name="os" value="Windows 11 64bit"/>
         <property name="katalonVersion" value="10.0.1.223"/>
         <property name="browser" value="Chrome 134.0.0.0"/>
         <property name="hostAddress" value="192.168.101.165"/>
         <property name="sessionId" value="77acf685b0593fbcbc5d90b1f87f277e"/>
         <property name="seleniumVersion" value="4.22.0"/>
         <property name="proxyInformation" value="ProxyInformation { proxyOption=NO_PROXY, proxyServerType=HTTP, username=, password=********, proxyServerAddress=, proxyServerPort=0, executionList=&quot;&quot;, isApplyToDesiredCapabilities=true }"/>
         <property name="platform" value="Windows 11"/>
      </properties>
      <testcase name="Test Cases/Sprints/Comon 00/us_986043" time="9.982" classname="Test Cases/Sprints/Comon 00/us_986043" status="PASSED">
         <system-out><![CDATA[17-03-2025T21:58:05 - [TEST_CASE][PASSED] - Test Cases/Sprints/Comon 00/us_986043: Test Cases/Sprints/Comon 00/us_986043

17-03-2025T21:58:05 - [TEST_STEP][PASSED] - openBrowser(""): Browser is opened with url: ''

17-03-2025T21:58:06 - [MESSAGE][INFO] - Starting 'Chrome' driver

17-03-2025T21:58:06 - [MESSAGE][INFO] - Action delay is set to 0 milliseconds

17-03-2025T21:58:10 - [MESSAGE][PASSED] - Browser is opened with url: ''

17-03-2025T21:58:10 - [TEST_STEP][PASSED] - navigateToUrl("https://rahulshettyacademy.com/loginpagePractise/"): Navigate to 'https://rahulshettyacademy.com/loginpagePractise/' successfully

17-03-2025T21:58:11 - [MESSAGE][PASSED] - Navigate to 'https://rahulshettyacademy.com/loginpagePractise/' successfully

17-03-2025T21:58:11 - [TEST_STEP][PASSED] - click(findTestObject("Object Repository/US_986043/Page_LoginPage Practise  Rahul Shetty Academy/i_rahulshettyacademy")): Object: 'Object Repository/US_986043/Page_LoginPage Practise  Rahul Shetty Academy/i_rahulshettyacademy' is clicked on

17-03-2025T21:58:12 - [MESSAGE][PASSED] - Object: 'Object Repository/US_986043/Page_LoginPage Practise  Rahul Shetty Academy/i_rahulshettyacademy' is clicked on

17-03-2025T21:58:12 - [TEST_STEP][PASSED] - setText(findTestObject("Object Repository/US_986043/Page_LoginPage Practise  Rahul Shetty Academy/input_Username_username"), "rahulshettyacademy"): Text 'rahulshettyacademy' is set on object 'Object Repository/US_986043/Page_LoginPage Practise  Rahul Shetty Academy/input_Username_username'

17-03-2025T21:58:13 - [MESSAGE][PASSED] - Text 'rahulshettyacademy' is set on object 'Object Repository/US_986043/Page_LoginPage Practise  Rahul Shetty Academy/input_Username_username'

17-03-2025T21:58:13 - [TEST_STEP][PASSED] - setEncryptedText(findTestObject("Object Repository/US_986043/Page_LoginPage Practise  Rahul Shetty Academy/input_Password_password"), "1PiAXA7e6bXYOnY+D2FYUg=="): Text ****** has been set on object 'Object Repository/US_986043/Page_LoginPage Practise  Rahul Shetty Academy/input_Password_password'

17-03-2025T21:58:13 - [MESSAGE][PASSED] - Text ****** has been set on object 'Object Repository/US_986043/Page_LoginPage Practise  Rahul Shetty Academy/input_Password_password'

17-03-2025T21:58:13 - [TEST_STEP][PASSED] - selectOptionByValue(findTestObject("Object Repository/US_986043/Page_LoginPage Practise  Rahul Shetty Academy/select_StudentTeacherConsultant"), "teach", true): All options with value 'teach' are selected in object 'Object Repository/US_986043/Page_LoginPage Practise  Rahul Shetty Academy/select_StudentTeacherConsultant'  using regular expression

17-03-2025T21:58:14 - [MESSAGE][PASSED] - All options with value 'teach' are selected in object 'Object Repository/US_986043/Page_LoginPage Practise  Rahul Shetty Academy/select_StudentTeacherConsultant'  using regular expression

17-03-2025T21:58:14 - [TEST_STEP][PASSED] - click(findTestObject("Object Repository/US_986043/Page_LoginPage Practise  Rahul Shetty Academy/input_I Agree to the_signin")): Object: 'Object Repository/US_986043/Page_LoginPage Practise  Rahul Shetty Academy/input_I Agree to the_signin' is clicked on

17-03-2025T21:58:15 - [MESSAGE][PASSED] - Object: 'Object Repository/US_986043/Page_LoginPage Practise  Rahul Shetty Academy/input_I Agree to the_signin' is clicked on]]></system-out>
         <system-err><![CDATA[]]></system-err>
      </testcase>
      <system-out><![CDATA[17-03-2025T21:58:04 - [TEST_SUITE][PASSED] - US_986043: Test Cases/Sprints/Comon 00/us_986043]]></system-out>
      <system-err><![CDATA[]]></system-err>
   </testsuite>
</testsuites>
